Thu Apr  2 21:33:58 JST 2026: 変更を検知しました。更新処理を開始します...
[main fdfe072] Auto update: 2026/04/02 21:33
 Committer: Junichi Akahori <junichiakahori@JunichinoMacBook-Pro.local>
Your name and email address were configured automatically based
on your username and hostname. Please check that they are accurate.
You can suppress this message by setting them explicitly. Run the
following command and follow the instructions in your editor to edit
your configuration file:

    git config --global --edit

After doing this, you may fix the identity used for this commit with:

    git commit --amend --reset-author

 2 files changed, 2 insertions(+), 68 deletions(-)
プッシュ中...
To https://github.com/junichiakahori/arc-angel.git
   05073ba..fdfe072  main -> main
完了。次の変更を待機します...
Thu Apr  2 21:34:04 JST 2026: 変更を検知しました。更新処理を開始します...
[main 8e07720] Auto update: 2026/04/02 21:34
 Committer: Junichi Akahori <junichiakahori@JunichinoMacBook-Pro.local>
Your name and email address were configured automatically based
on your username and hostname. Please check that they are accurate.
You can suppress this message by setting them explicitly. Run the
following command and follow the instructions in your editor to edit
your configuration file:

    git config --global --edit

After doing this, you may fix the identity used for this commit with:

    git commit --amend --reset-author

 2 files changed, 21 insertions(+), 1 deletion(-)
プッシュ中...
To https://github.com/junichiakahori/arc-angel.git
   fdfe072..8e07720  main -> main
完了。次の変更を待機します...
Thu Apr  2 21:34:10 JST 2026: 変更を検知しました。更新処理を開始します...
[main f40ff3b] Auto update: 2026/04/02 21:34
 Committer: Junichi Akahori <junichiakahori@JunichinoMacBook-Pro.local>
Your name and email address were configured automatically based
on your username and hostname. Please check that they are accurate.
You can suppress this message by setting them explicitly. Run the
following command and follow the instructions in your editor to edit
your configuration file:

    git config --global --edit

After doing this, you may fix the identity used for this commit with:

    git commit --amend --reset-author

 1 file changed, 20 insertions(+)
プッシュ中...
To https://github.com/junichiakahori/arc-angel.git
   8e07720..f40ff3b  main -> main
完了。次の変更を待機します...
Thu Apr  2 21:34:16 JST 2026: 変更を検知しました。更新処理を開始します...
[main 1666909] Auto update: 2026/04/02 21:34
 Committer: Junichi Akahori <junichiakahori@JunichinoMacBook-Pro.local>
Your name and email address were configured automatically based
on your username and hostname. Please check that they are accurate.
You can suppress this message by setting them explicitly. Run the
following command and follow the instructions in your editor to edit
your configuration file:

    git config --global --edit

After doing this, you may fix the identity used for this commit with:

    git commit --amend --reset-author

 1 file changed, 20 insertions(+)
プッシュ中...
To https://github.com/junichiakahori/arc-angel.git
   f40ff3b..1666909  main -> main
完了。次の変更を待機します...
Thu Apr  2 21:34:23 JST 2026: 変更を検知しました。更新処理を開始します...
[main 93deb49] Auto update: 2026/04/02 21:34
 Committer: Junichi Akahori <junichiakahori@JunichinoMacBook-Pro.local>
Your name and email address were configured automatically based
on your username and hostname. Please check that they are accurate.
You can suppress this message by setting them explicitly. Run the
following command and follow the instructions in your editor to edit
your configuration file:

    git config --global --edit

After doing this, you may fix the identity used for this commit with:

    git commit --amend --reset-author

 1 file changed, 20 insertions(+)
プッシュ中...
To https://github.com/junichiakahori/arc-angel.git
   1666909..93deb49  main -> main
完了。次の変更を待機します...
Thu Apr  2 21:34:29 JST 2026: 変更を検知しました。更新処理を開始します...
[main ff3c360] Auto update: 2026/04/02 21:34
 Committer: Junichi Akahori <junichiakahori@JunichinoMacBook-Pro.local>
Your name and email address were configured automatically based
on your username and hostname. Please check that they are accurate.
You can suppress this message by setting them explicitly. Run the
following command and follow the instructions in your editor to edit
your configuration file:

    git config --global --edit

After doing this, you may fix the identity used for this commit with:

    git commit --amend --reset-author

 1 file changed, 20 insertions(+)
プッシュ中...
To https://github.com/junichiakahori/arc-angel.git
   93deb49..ff3c360  main -> main
完了。次の変更を待機します...
Thu Apr  2 21:34:35 JST 2026: 変更を検知しました。更新処理を開始します...
[main d97f147] Auto update: 2026/04/02 21:34
 Committer: Junichi Akahori <junichiakahori@JunichinoMacBook-Pro.local>
Your name and email address were configured automatically based
on your username and hostname. Please check that they are accurate.
You can suppress this message by setting them explicitly. Run the
following command and follow the instructions in your editor to edit
your configuration file:

    git config --global --edit

After doing this, you may fix the identity used for this commit with:

    git commit --amend --reset-author

 1 file changed, 20 insertions(+)
プッシュ中...
To https://github.com/junichiakahori/arc-angel.git
   ff3c360..d97f147  main -> main
完了。次の変更を待機します...
Thu Apr  2 21:34:41 JST 2026: 変更を検知しました。更新処理を開始します...
[main 92b503f] Auto update: 2026/04/02 21:34
 Committer: Junichi Akahori <junichiakahori@JunichinoMacBook-Pro.local>
Your name and email address were configured automatically based
on your username and hostname. Please check that they are accurate.
You can suppress this message by setting them explicitly. Run the
following command and follow the instructions in your editor to edit
your configuration file:

    git config --global --edit

After doing this, you may fix the identity used for this commit with:

    git commit --amend --reset-author

 1 file changed, 20 insertions(+)
プッシュ中...
To https://github.com/junichiakahori/arc-angel.git
   d97f147..92b503f  main -> main
完了。次の変更を待機します...
Thu Apr  2 21:34:48 JST 2026: 変更を検知しました。更新処理を開始します...
[main 2333db5] Auto update: 2026/04/02 21:34
 Committer: Junichi Akahori <junichiakahori@JunichinoMacBook-Pro.local>
Your name and email address were configured automatically based
on your username and hostname. Please check that they are accurate.
You can suppress this message by setting them explicitly. Run the
following command and follow the instructions in your editor to edit
your configuration file:

    git config --global --edit

After doing this, you may fix the identity used for this commit with:

    git commit --amend --reset-author

 1 file changed, 20 insertions(+)
プッシュ中...
To https://github.com/junichiakahori/arc-angel.git
   92b503f..2333db5  main -> main
完了。次の変更を待機します...
Thu Apr  2 21:34:54 JST 2026: 変更を検知しました。更新処理を開始します...
[main 71c97e3] Auto update: 2026/04/02 21:34
 Committer: Junichi Akahori <junichiakahori@JunichinoMacBook-Pro.local>
Your name and email address were configured automatically based
on your username and hostname. Please check that they are accurate.
You can suppress this message by setting them explicitly. Run the
following command and follow the instructions in your editor to edit
your configuration file:

    git config --global --edit

After doing this, you may fix the identity used for this commit with:

    git commit --amend --reset-author

 1 file changed, 20 insertions(+)
プッシュ中...
To https://github.com/junichiakahori/arc-angel.git
   2333db5..71c97e3  main -> main
完了。次の変更を待機します...
Thu Apr  2 21:35:00 JST 2026: 変更を検知しました。更新処理を開始します...
[main 810f878] Auto update: 2026/04/02 21:35
 Committer: Junichi Akahori <junichiakahori@JunichinoMacBook-Pro.local>
Your name and email address were configured automatically based
on your username and hostname. Please check that they are accurate.
You can suppress this message by setting them explicitly. Run the
following command and follow the instructions in your editor to edit
your configuration file:

    git config --global --edit

After doing this, you may fix the identity used for this commit with:

    git commit --amend --reset-author

 2 files changed, 21 insertions(+), 1 deletion(-)
プッシュ中...
To https://github.com/junichiakahori/arc-angel.git
   71c97e3..810f878  main -> main
完了。次の変更を待機します...
Thu Apr  2 21:35:07 JST 2026: 変更を検知しました。更新処理を開始します...
[main 12c27d3] Auto update: 2026/04/02 21:35
 Committer: Junichi Akahori <junichiakahori@JunichinoMacBook-Pro.local>
Your name and email address were configured automatically based
on your username and hostname. Please check that they are accurate.
You can suppress this message by setting them explicitly. Run the
following command and follow the instructions in your editor to edit
your configuration file:

    git config --global --edit

After doing this, you may fix the identity used for this commit with:

    git commit --amend --reset-author

 1 file changed, 20 insertions(+)
プッシュ中...
To https://github.com/junichiakahori/arc-angel.git
   810f878..12c27d3  main -> main
完了。次の変更を待機します...
Thu Apr  2 21:35:13 JST 2026: 変更を検知しました。更新処理を開始します...
[main e3443cb] Auto update: 2026/04/02 21:35
 Committer: Junichi Akahori <junichiakahori@JunichinoMacBook-Pro.local>
Your name and email address were configured automatically based
on your username and hostname. Please check that they are accurate.
You can suppress this message by setting them explicitly. Run the
following command and follow the instructions in your editor to edit
your configuration file:

    git config --global --edit

After doing this, you may fix the identity used for this commit with:

    git commit --amend --reset-author

 1 file changed, 20 insertions(+)
プッシュ中...
To https://github.com/junichiakahori/arc-angel.git
   12c27d3..e3443cb  main -> main
完了。次の変更を待機します...
Thu Apr  2 21:35:19 JST 2026: 変更を検知しました。更新処理を開始します...
[main 2fdc809] Auto update: 2026/04/02 21:35
 Committer: Junichi Akahori <junichiakahori@JunichinoMacBook-Pro.local>
Your name and email address were configured automatically based
on your username and hostname. Please check that they are accurate.
You can suppress this message by setting them explicitly. Run the
following command and follow the instructions in your editor to edit
your configuration file:

    git config --global --edit

After doing this, you may fix the identity used for this commit with:

    git commit --amend --reset-author

 1 file changed, 20 insertions(+)
プッシュ中...
To https://github.com/junichiakahori/arc-angel.git
   e3443cb..2fdc809  main -> main
完了。次の変更を待機します...
Thu Apr  2 21:35:25 JST 2026: 変更を検知しました。更新処理を開始します...
[main a48ff82] Auto update: 2026/04/02 21:35
 Committer: Junichi Akahori <junichiakahori@JunichinoMacBook-Pro.local>
Your name and email address were configured automatically based
on your username and hostname. Please check that they are accurate.
You can suppress this message by setting them explicitly. Run the
following command and follow the instructions in your editor to edit
your configuration file:

    git config --global --edit

After doing this, you may fix the identity used for this commit with:

    git commit --amend --reset-author

 1 file changed, 20 insertions(+)
プッシュ中...
To https://github.com/junichiakahori/arc-angel.git
   2fdc809..a48ff82  main -> main
完了。次の変更を待機します...
Thu Apr  2 21:35:32 JST 2026: 変更を検知しました。更新処理を開始します...
[main 287d767] Auto update: 2026/04/02 21:35
 Committer: Junichi Akahori <junichiakahori@JunichinoMacBook-Pro.local>
Your name and email address were configured automatically based
on your username and hostname. Please check that they are accurate.
You can suppress this message by setting them explicitly. Run the
following command and follow the instructions in your editor to edit
your configuration file:

    git config --global --edit

After doing this, you may fix the identity used for this commit with:

    git commit --amend --reset-author

 1 file changed, 20 insertions(+)
プッシュ中...
To https://github.com/junichiakahori/arc-angel.git
   a48ff82..287d767  main -> main
完了。次の変更を待機します...
Thu Apr  2 21:35:38 JST 2026: 変更を検知しました。更新処理を開始します...
[main fef7131] Auto update: 2026/04/02 21:35
 Committer: Junichi Akahori <junichiakahori@JunichinoMacBook-Pro.local>
Your name and email address were configured automatically based
on your username and hostname. Please check that they are accurate.
You can suppress this message by setting them explicitly. Run the
following command and follow the instructions in your editor to edit
your configuration file:

    git config --global --edit

After doing this, you may fix the identity used for this commit with:

    git commit --amend --reset-author

 1 file changed, 20 insertions(+)
プッシュ中...
To https://github.com/junichiakahori/arc-angel.git
   287d767..fef7131  main -> main
完了。次の変更を待機します...
Thu Apr  2 21:35:44 JST 2026: 変更を検知しました。更新処理を開始します...
[main cf137e5] Auto update: 2026/04/02 21:35
 Committer: Junichi Akahori <junichiakahori@JunichinoMacBook-Pro.local>
Your name and email address were configured automatically based
on your username and hostname. Please check that they are accurate.
You can suppress this message by setting them explicitly. Run the
following command and follow the instructions in your editor to edit
your configuration file:

    git config --global --edit

After doing this, you may fix the identity used for this commit with:

    git commit --amend --reset-author

 1 file changed, 20 insertions(+)
プッシュ中...
To https://github.com/junichiakahori/arc-angel.git
   fef7131..cf137e5  main -> main
完了。次の変更を待機します...
Thu Apr  2 21:35:51 JST 2026: 変更を検知しました。更新処理を開始します...
[main f956345] Auto update: 2026/04/02 21:35
 Committer: Junichi Akahori <junichiakahori@JunichinoMacBook-Pro.local>
Your name and email address were configured automatically based
on your username and hostname. Please check that they are accurate.
You can suppress this message by setting them explicitly. Run the
following command and follow the instructions in your editor to edit
your configuration file:

    git config --global --edit

After doing this, you may fix the identity used for this commit with:

    git commit --amend --reset-author

 1 file changed, 20 insertions(+)
プッシュ中...
To https://github.com/junichiakahori/arc-angel.git
   cf137e5..f956345  main -> main
完了。次の変更を待機します...
Thu Apr  2 21:35:57 JST 2026: 変更を検知しました。更新処理を開始します...
[main 7a6c1dd] Auto update: 2026/04/02 21:35
 Committer: Junichi Akahori <junichiakahori@JunichinoMacBook-Pro.local>
Your name and email address were configured automatically based
on your username and hostname. Please check that they are accurate.
You can suppress this message by setting them explicitly. Run the
following command and follow the instructions in your editor to edit
your configuration file:

    git config --global --edit

After doing this, you may fix the identity used for this commit with:

    git commit --amend --reset-author

 1 file changed, 20 insertions(+)
プッシュ中...
To https://github.com/junichiakahori/arc-angel.git
   f956345..7a6c1dd  main -> main
完了。次の変更を待機します...
Thu Apr  2 21:36:03 JST 2026: 変更を検知しました。更新処理を開始します...
[main f6c61cc] Auto update: 2026/04/02 21:36
 Committer: Junichi Akahori <junichiakahori@JunichinoMacBook-Pro.local>
Your name and email address were configured automatically based
on your username and hostname. Please check that they are accurate.
You can suppress this message by setting them explicitly. Run the
following command and follow the instructions in your editor to edit
your configuration file:

    git config --global --edit

After doing this, you may fix the identity used for this commit with:

    git commit --amend --reset-author

 2 files changed, 21 insertions(+), 1 deletion(-)
プッシュ中...
To https://github.com/junichiakahori/arc-angel.git
   7a6c1dd..f6c61cc  main -> main
完了。次の変更を待機します...
Thu Apr  2 21:36:10 JST 2026: 変更を検知しました。更新処理を開始します...
[main 43a330f] Auto update: 2026/04/02 21:36
 Committer: Junichi Akahori <junichiakahori@JunichinoMacBook-Pro.local>
Your name and email address were configured automatically based
on your username and hostname. Please check that they are accurate.
You can suppress this message by setting them explicitly. Run the
following command and follow the instructions in your editor to edit
your configuration file:

    git config --global --edit

After doing this, you may fix the identity used for this commit with:

    git commit --amend --reset-author

 1 file changed, 20 insertions(+)
プッシュ中...
To https://github.com/junichiakahori/arc-angel.git
   f6c61cc..43a330f  main -> main
完了。次の変更を待機します...
Thu Apr  2 21:36:16 JST 2026: 変更を検知しました。更新処理を開始します...
[main fdc9eba] Auto update: 2026/04/02 21:36
 Committer: Junichi Akahori <junichiakahori@JunichinoMacBook-Pro.local>
Your name and email address were configured automatically based
on your username and hostname. Please check that they are accurate.
You can suppress this message by setting them explicitly. Run the
following command and follow the instructions in your editor to edit
your configuration file:

    git config --global --edit

After doing this, you may fix the identity used for this commit with:

    git commit --amend --reset-author

 1 file changed, 20 insertions(+)
プッシュ中...
To https://github.com/junichiakahori/arc-angel.git
   43a330f..fdc9eba  main -> main
完了。次の変更を待機します...
Thu Apr  2 21:36:22 JST 2026: 変更を検知しました。更新処理を開始します...
[main 1a598ec] Auto update: 2026/04/02 21:36
 Committer: Junichi Akahori <junichiakahori@JunichinoMacBook-Pro.local>
Your name and email address were configured automatically based
on your username and hostname. Please check that they are accurate.
You can suppress this message by setting them explicitly. Run the
following command and follow the instructions in your editor to edit
your configuration file:

    git config --global --edit

After doing this, you may fix the identity used for this commit with:

    git commit --amend --reset-author

 1 file changed, 20 insertions(+)
プッシュ中...
To https://github.com/junichiakahori/arc-angel.git
   fdc9eba..1a598ec  main -> main
完了。次の変更を待機します...
Thu Apr  2 21:36:28 JST 2026: 変更を検知しました。更新処理を開始します...
[main af07a42] Auto update: 2026/04/02 21:36
 Committer: Junichi Akahori <junichiakahori@JunichinoMacBook-Pro.local>
Your name and email address were configured automatically based
on your username and hostname. Please check that they are accurate.
You can suppress this message by setting them explicitly. Run the
following command and follow the instructions in your editor to edit
your configuration file:

    git config --global --edit

After doing this, you may fix the identity used for this commit with:

    git commit --amend --reset-author

 1 file changed, 20 insertions(+)
プッシュ中...
To https://github.com/junichiakahori/arc-angel.git
   1a598ec..af07a42  main -> main
完了。次の変更を待機します...
Thu Apr  2 21:36:34 JST 2026: 変更を検知しました。更新処理を開始します...
[main 7cf2f41] Auto update: 2026/04/02 21:36
 Committer: Junichi Akahori <junichiakahori@JunichinoMacBook-Pro.local>
Your name and email address were configured automatically based
on your username and hostname. Please check that they are accurate.
You can suppress this message by setting them explicitly. Run the
following command and follow the instructions in your editor to edit
your configuration file:

    git config --global --edit

After doing this, you may fix the identity used for this commit with:

    git commit --amend --reset-author

 1 file changed, 20 insertions(+)
プッシュ中...
To https://github.com/junichiakahori/arc-angel.git
   af07a42..7cf2f41  main -> main
完了。次の変更を待機します...
Thu Apr  2 21:36:41 JST 2026: 変更を検知しました。更新処理を開始します...
[main abb5f10] Auto update: 2026/04/02 21:36
 Committer: Junichi Akahori <junichiakahori@JunichinoMacBook-Pro.local>
Your name and email address were configured automatically based
on your username and hostname. Please check that they are accurate.
You can suppress this message by setting them explicitly. Run the
following command and follow the instructions in your editor to edit
your configuration file:

    git config --global --edit

After doing this, you may fix the identity used for this commit with:

    git commit --amend --reset-author

 1 file changed, 20 insertions(+)
プッシュ中...
To https://github.com/junichiakahori/arc-angel.git
   7cf2f41..abb5f10  main -> main
完了。次の変更を待機します...
Thu Apr  2 21:36:47 JST 2026: 変更を検知しました。更新処理を開始します...
[main 195c03a] Auto update: 2026/04/02 21:36
 Committer: Junichi Akahori <junichiakahori@JunichinoMacBook-Pro.local>
Your name and email address were configured automatically based
on your username and hostname. Please check that they are accurate.
You can suppress this message by setting them explicitly. Run the
following command and follow the instructions in your editor to edit
your configuration file:

    git config --global --edit

After doing this, you may fix the identity used for this commit with:

    git commit --amend --reset-author

 1 file changed, 20 insertions(+)
プッシュ中...
To https://github.com/junichiakahori/arc-angel.git
   abb5f10..195c03a  main -> main
完了。次の変更を待機します...
Thu Apr  2 21:36:53 JST 2026: 変更を検知しました。更新処理を開始します...
[main 177b85f] Auto update: 2026/04/02 21:36
 Committer: Junichi Akahori <junichiakahori@JunichinoMacBook-Pro.local>
Your name and email address were configured automatically based
on your username and hostname. Please check that they are accurate.
You can suppress this message by setting them explicitly. Run the
following command and follow the instructions in your editor to edit
your configuration file:

    git config --global --edit

After doing this, you may fix the identity used for this commit with:

    git commit --amend --reset-author

 1 file changed, 20 insertions(+)
プッシュ中...
To https://github.com/junichiakahori/arc-angel.git
   195c03a..177b85f  main -> main
完了。次の変更を待機します...
Thu Apr  2 21:36:59 JST 2026: 変更を検知しました。更新処理を開始します...
[main 26fc403] Auto update: 2026/04/02 21:36
 Committer: Junichi Akahori <junichiakahori@JunichinoMacBook-Pro.local>
Your name and email address were configured automatically based
on your username and hostname. Please check that they are accurate.
You can suppress this message by setting them explicitly. Run the
following command and follow the instructions in your editor to edit
your configuration file:

    git config --global --edit

After doing this, you may fix the identity used for this commit with:

    git commit --amend --reset-author

 1 file changed, 20 insertions(+)
プッシュ中...
To https://github.com/junichiakahori/arc-angel.git
   177b85f..26fc403  main -> main
完了。次の変更を待機します...
Thu Apr  2 21:37:06 JST 2026: 変更を検知しました。更新処理を開始します...
[main ea74483] Auto update: 2026/04/02 21:37
 Committer: Junichi Akahori <junichiakahori@JunichinoMacBook-Pro.local>
Your name and email address were configured automatically based
on your username and hostname. Please check that they are accurate.
You can suppress this message by setting them explicitly. Run the
following command and follow the instructions in your editor to edit
your configuration file:

    git config --global --edit

After doing this, you may fix the identity used for this commit with:

    git commit --amend --reset-author

 2 files changed, 21 insertions(+), 1 deletion(-)
プッシュ中...
To https://github.com/junichiakahori/arc-angel.git
   26fc403..ea74483  main -> main
完了。次の変更を待機します...
Thu Apr  2 21:37:12 JST 2026: 変更を検知しました。更新処理を開始します...
[main 25d558d] Auto update: 2026/04/02 21:37
 Committer: Junichi Akahori <junichiakahori@JunichinoMacBook-Pro.local>
Your name and email address were configured automatically based
on your username and hostname. Please check that they are accurate.
You can suppress this message by setting them explicitly. Run the
following command and follow the instructions in your editor to edit
your configuration file:

    git config --global --edit

After doing this, you may fix the identity used for this commit with:

    git commit --amend --reset-author

 1 file changed, 20 insertions(+)
プッシュ中...
To https://github.com/junichiakahori/arc-angel.git
   ea74483..25d558d  main -> main
完了。次の変更を待機します...
Thu Apr  2 21:37:18 JST 2026: 変更を検知しました。更新処理を開始します...
[main e9cb452] Auto update: 2026/04/02 21:37
 Committer: Junichi Akahori <junichiakahori@JunichinoMacBook-Pro.local>
Your name and email address were configured automatically based
on your username and hostname. Please check that they are accurate.
You can suppress this message by setting them explicitly. Run the
following command and follow the instructions in your editor to edit
your configuration file:

    git config --global --edit

After doing this, you may fix the identity used for this commit with:

    git commit --amend --reset-author

 1 file changed, 20 insertions(+)
プッシュ中...
To https://github.com/junichiakahori/arc-angel.git
   25d558d..e9cb452  main -> main
完了。次の変更を待機します...
Thu Apr  2 21:37:24 JST 2026: 変更を検知しました。更新処理を開始します...
[main 06777fb] Auto update: 2026/04/02 21:37
 Committer: Junichi Akahori <junichiakahori@JunichinoMacBook-Pro.local>
Your name and email address were configured automatically based
on your username and hostname. Please check that they are accurate.
You can suppress this message by setting them explicitly. Run the
following command and follow the instructions in your editor to edit
your configuration file:

    git config --global --edit

After doing this, you may fix the identity used for this commit with:

    git commit --amend --reset-author

 1 file changed, 20 insertions(+)
プッシュ中...
To https://github.com/junichiakahori/arc-angel.git
   e9cb452..06777fb  main -> main
完了。次の変更を待機します...
Thu Apr  2 21:37:30 JST 2026: 変更を検知しました。更新処理を開始します...
[main 9aaaf6d] Auto update: 2026/04/02 21:37
 Committer: Junichi Akahori <junichiakahori@JunichinoMacBook-Pro.local>
Your name and email address were configured automatically based
on your username and hostname. Please check that they are accurate.
You can suppress this message by setting them explicitly. Run the
following command and follow the instructions in your editor to edit
your configuration file:

    git config --global --edit

After doing this, you may fix the identity used for this commit with:

    git commit --amend --reset-author

 1 file changed, 20 insertions(+)
プッシュ中...
To https://github.com/junichiakahori/arc-angel.git
   06777fb..9aaaf6d  main -> main
完了。次の変更を待機します...
Thu Apr  2 21:37:37 JST 2026: 変更を検知しました。更新処理を開始します...
[main 31da516] Auto update: 2026/04/02 21:37
 Committer: Junichi Akahori <junichiakahori@JunichinoMacBook-Pro.local>
Your name and email address were configured automatically based
on your username and hostname. Please check that they are accurate.
You can suppress this message by setting them explicitly. Run the
following command and follow the instructions in your editor to edit
your configuration file:

    git config --global --edit

After doing this, you may fix the identity used for this commit with:

    git commit --amend --reset-author

 1 file changed, 20 insertions(+)
プッシュ中...
To https://github.com/junichiakahori/arc-angel.git
   9aaaf6d..31da516  main -> main
完了。次の変更を待機します...
Thu Apr  2 21:37:43 JST 2026: 変更を検知しました。更新処理を開始します...
[main 76fe2e8] Auto update: 2026/04/02 21:37
 Committer: Junichi Akahori <junichiakahori@JunichinoMacBook-Pro.local>
Your name and email address were configured automatically based
on your username and hostname. Please check that they are accurate.
You can suppress this message by setting them explicitly. Run the
following command and follow the instructions in your editor to edit
your configuration file:

    git config --global --edit

After doing this, you may fix the identity used for this commit with:

    git commit --amend --reset-author

 1 file changed, 20 insertions(+)
プッシュ中...
To https://github.com/junichiakahori/arc-angel.git
   31da516..76fe2e8  main -> main
完了。次の変更を待機します...
Thu Apr  2 21:37:49 JST 2026: 変更を検知しました。更新処理を開始します...
[main a3f095f] Auto update: 2026/04/02 21:37
 Committer: Junichi Akahori <junichiakahori@JunichinoMacBook-Pro.local>
Your name and email address were configured automatically based
on your username and hostname. Please check that they are accurate.
You can suppress this message by setting them explicitly. Run the
following command and follow the instructions in your editor to edit
your configuration file:

    git config --global --edit

After doing this, you may fix the identity used for this commit with:

    git commit --amend --reset-author

 1 file changed, 20 insertions(+)
プッシュ中...
To https://github.com/junichiakahori/arc-angel.git
   76fe2e8..a3f095f  main -> main
完了。次の変更を待機します...
Thu Apr  2 21:37:55 JST 2026: 変更を検知しました。更新処理を開始します...
[main 7a4df91] Auto update: 2026/04/02 21:37
 Committer: Junichi Akahori <junichiakahori@JunichinoMacBook-Pro.local>
Your name and email address were configured automatically based
on your username and hostname. Please check that they are accurate.
You can suppress this message by setting them explicitly. Run the
following command and follow the instructions in your editor to edit
your configuration file:

    git config --global --edit

After doing this, you may fix the identity used for this commit with:

    git commit --amend --reset-author

 1 file changed, 20 insertions(+)
プッシュ中...
To https://github.com/junichiakahori/arc-angel.git
   a3f095f..7a4df91  main -> main
完了。次の変更を待機します...
Thu Apr  2 21:38:01 JST 2026: 変更を検知しました。更新処理を開始します...
[main 60dc370] Auto update: 2026/04/02 21:38
 Committer: Junichi Akahori <junichiakahori@JunichinoMacBook-Pro.local>
Your name and email address were configured automatically based
on your username and hostname. Please check that they are accurate.
You can suppress this message by setting them explicitly. Run the
following command and follow the instructions in your editor to edit
your configuration file:

    git config --global --edit

After doing this, you may fix the identity used for this commit with:

    git commit --amend --reset-author

 2 files changed, 21 insertions(+), 1 deletion(-)
プッシュ中...
To https://github.com/junichiakahori/arc-angel.git
   7a4df91..60dc370  main -> main
完了。次の変更を待機します...
Thu Apr  2 21:38:08 JST 2026: 変更を検知しました。更新処理を開始します...
[main 735dbee] Auto update: 2026/04/02 21:38
 Committer: Junichi Akahori <junichiakahori@JunichinoMacBook-Pro.local>
Your name and email address were configured automatically based
on your username and hostname. Please check that they are accurate.
You can suppress this message by setting them explicitly. Run the
following command and follow the instructions in your editor to edit
your configuration file:

    git config --global --edit

After doing this, you may fix the identity used for this commit with:

    git commit --amend --reset-author

 1 file changed, 20 insertions(+)
プッシュ中...
To https://github.com/junichiakahori/arc-angel.git
   60dc370..735dbee  main -> main
完了。次の変更を待機します...
Thu Apr  2 21:38:14 JST 2026: 変更を検知しました。更新処理を開始します...
[main 20eceac] Auto update: 2026/04/02 21:38
 Committer: Junichi Akahori <junichiakahori@JunichinoMacBook-Pro.local>
Your name and email address were configured automatically based
on your username and hostname. Please check that they are accurate.
You can suppress this message by setting them explicitly. Run the
following command and follow the instructions in your editor to edit
your configuration file:

    git config --global --edit

After doing this, you may fix the identity used for this commit with:

    git commit --amend --reset-author

 1 file changed, 20 insertions(+)
プッシュ中...
To https://github.com/junichiakahori/arc-angel.git
   735dbee..20eceac  main -> main
完了。次の変更を待機します...
Thu Apr  2 21:38:20 JST 2026: 変更を検知しました。更新処理を開始します...
[main 6b11e0a] Auto update: 2026/04/02 21:38
 Committer: Junichi Akahori <junichiakahori@JunichinoMacBook-Pro.local>
Your name and email address were configured automatically based
on your username and hostname. Please check that they are accurate.
You can suppress this message by setting them explicitly. Run the
following command and follow the instructions in your editor to edit
your configuration file:

    git config --global --edit

After doing this, you may fix the identity used for this commit with:

    git commit --amend --reset-author

 1 file changed, 20 insertions(+)
プッシュ中...
To https://github.com/junichiakahori/arc-angel.git
   20eceac..6b11e0a  main -> main
完了。次の変更を待機します...
Thu Apr  2 21:38:26 JST 2026: 変更を検知しました。更新処理を開始します...
[main 33b9b81] Auto update: 2026/04/02 21:38
 Committer: Junichi Akahori <junichiakahori@JunichinoMacBook-Pro.local>
Your name and email address were configured automatically based
on your username and hostname. Please check that they are accurate.
You can suppress this message by setting them explicitly. Run the
following command and follow the instructions in your editor to edit
your configuration file:

    git config --global --edit

After doing this, you may fix the identity used for this commit with:

    git commit --amend --reset-author

 1 file changed, 20 insertions(+)
プッシュ中...
To https://github.com/junichiakahori/arc-angel.git
   6b11e0a..33b9b81  main -> main
完了。次の変更を待機します...
Thu Apr  2 21:38:33 JST 2026: 変更を検知しました。更新処理を開始します...
[main b47a04a] Auto update: 2026/04/02 21:38
 Committer: Junichi Akahori <junichiakahori@JunichinoMacBook-Pro.local>
Your name and email address were configured automatically based
on your username and hostname. Please check that they are accurate.
You can suppress this message by setting them explicitly. Run the
following command and follow the instructions in your editor to edit
your configuration file:

    git config --global --edit

After doing this, you may fix the identity used for this commit with:

    git commit --amend --reset-author

 1 file changed, 20 insertions(+)
プッシュ中...
To https://github.com/junichiakahori/arc-angel.git
   33b9b81..b47a04a  main -> main
完了。次の変更を待機します...
Thu Apr  2 21:38:39 JST 2026: 変更を検知しました。更新処理を開始します...
[main 402030e] Auto update: 2026/04/02 21:38
 Committer: Junichi Akahori <junichiakahori@JunichinoMacBook-Pro.local>
Your name and email address were configured automatically based
on your username and hostname. Please check that they are accurate.
You can suppress this message by setting them explicitly. Run the
following command and follow the instructions in your editor to edit
your configuration file:

    git config --global --edit

After doing this, you may fix the identity used for this commit with:

    git commit --amend --reset-author

 1 file changed, 20 insertions(+)
プッシュ中...
To https://github.com/junichiakahori/arc-angel.git
   b47a04a..402030e  main -> main
完了。次の変更を待機します...
Thu Apr  2 21:38:45 JST 2026: 変更を検知しました。更新処理を開始します...
[main 957770b] Auto update: 2026/04/02 21:38
 Committer: Junichi Akahori <junichiakahori@JunichinoMacBook-Pro.local>
Your name and email address were configured automatically based
on your username and hostname. Please check that they are accurate.
You can suppress this message by setting them explicitly. Run the
following command and follow the instructions in your editor to edit
your configuration file:

    git config --global --edit

After doing this, you may fix the identity used for this commit with:

    git commit --amend --reset-author

 1 file changed, 20 insertions(+)
プッシュ中...
To https://github.com/junichiakahori/arc-angel.git
   402030e..957770b  main -> main
完了。次の変更を待機します...
Thu Apr  2 21:38:51 JST 2026: 変更を検知しました。更新処理を開始します...
[main 487dd44] Auto update: 2026/04/02 21:38
 Committer: Junichi Akahori <junichiakahori@JunichinoMacBook-Pro.local>
Your name and email address were configured automatically based
on your username and hostname. Please check that they are accurate.
You can suppress this message by setting them explicitly. Run the
following command and follow the instructions in your editor to edit
your configuration file:

    git config --global --edit

After doing this, you may fix the identity used for this commit with:

    git commit --amend --reset-author

 1 file changed, 20 insertions(+)
プッシュ中...
To https://github.com/junichiakahori/arc-angel.git
   957770b..487dd44  main -> main
完了。次の変更を待機します...
Thu Apr  2 21:38:57 JST 2026: 変更を検知しました。更新処理を開始します...
[main 0599d1d] Auto update: 2026/04/02 21:38
 Committer: Junichi Akahori <junichiakahori@JunichinoMacBook-Pro.local>
Your name and email address were configured automatically based
on your username and hostname. Please check that they are accurate.
You can suppress this message by setting them explicitly. Run the
following command and follow the instructions in your editor to edit
your configuration file:

    git config --global --edit

After doing this, you may fix the identity used for this commit with:

    git commit --amend --reset-author

 1 file changed, 20 insertions(+)
プッシュ中...
To https://github.com/junichiakahori/arc-angel.git
   487dd44..0599d1d  main -> main
完了。次の変更を待機します...
Thu Apr  2 21:39:04 JST 2026: 変更を検知しました。更新処理を開始します...
[main e50e94c] Auto update: 2026/04/02 21:39
 Committer: Junichi Akahori <junichiakahori@JunichinoMacBook-Pro.local>
Your name and email address were configured automatically based
on your username and hostname. Please check that they are accurate.
You can suppress this message by setting them explicitly. Run the
following command and follow the instructions in your editor to edit
your configuration file:

    git config --global --edit

After doing this, you may fix the identity used for this commit with:

    git commit --amend --reset-author

 2 files changed, 21 insertions(+), 1 deletion(-)
プッシュ中...
To https://github.com/junichiakahori/arc-angel.git
   0599d1d..e50e94c  main -> main
完了。次の変更を待機します...
Thu Apr  2 21:39:10 JST 2026: 変更を検知しました。更新処理を開始します...
[main ab7d57e] Auto update: 2026/04/02 21:39
 Committer: Junichi Akahori <junichiakahori@JunichinoMacBook-Pro.local>
Your name and email address were configured automatically based
on your username and hostname. Please check that they are accurate.
You can suppress this message by setting them explicitly. Run the
following command and follow the instructions in your editor to edit
your configuration file:

    git config --global --edit

After doing this, you may fix the identity used for this commit with:

    git commit --amend --reset-author

 1 file changed, 20 insertions(+)
プッシュ中...
To https://github.com/junichiakahori/arc-angel.git
   e50e94c..ab7d57e  main -> main
完了。次の変更を待機します...
Thu Apr  2 21:39:16 JST 2026: 変更を検知しました。更新処理を開始します...
